Collecting setuptools>=46.4.0
  Using cached setuptools-51.0.0-py3-none-any.whl (785 kB)
Collecting setuptools_scm[toml]>=3.4
  Using cached setuptools_scm-4.1.2-py2.py3-none-any.whl (27 kB)
Collecting wheel
  Using cached wheel-0.36.1-py2.py3-none-any.whl (34 kB)
Collecting toml
  Using cached toml-0.10.2-py2.py3-none-any.whl (16 kB)
Installing collected packages: setuptools, toml, setuptools-scm, wheel
Successfully installed setuptools-51.0.0 setuptools-scm-4.1.2 toml-0.10.2 wheel-0.36.1
running bdist_wheel
running build
running build_py
creating build
creating build/lib
creating build/lib/manubot
copying manubot/__init__.py -> build/lib/manubot
copying manubot/version.py -> build/lib/manubot
copying manubot/command.py -> build/lib/manubot
copying manubot/util.py -> build/lib/manubot
creating build/lib/manubot/process
copying manubot/process/metadata.py -> build/lib/manubot/process
copying manubot/process/__init__.py -> build/lib/manubot/process
copying manubot/process/bibliography.py -> build/lib/manubot/process
copying manubot/process/manuscript.py -> build/lib/manubot/process
copying manubot/process/requests_cache.py -> build/lib/manubot/process
copying manubot/process/ci.py -> build/lib/manubot/process
copying manubot/process/util.py -> build/lib/manubot/process
copying manubot/process/process_command.py -> build/lib/manubot/process
creating build/lib/manubot/cite
copying manubot/cite/__init__.py -> build/lib/manubot/cite
copying manubot/cite/csl_item.py -> build/lib/manubot/cite
copying manubot/cite/wikidata.py -> build/lib/manubot/cite
copying manubot/cite/doi.py -> build/lib/manubot/cite
copying manubot/cite/handlers.py -> build/lib/manubot/cite
copying manubot/cite/citations.py -> build/lib/manubot/cite
copying manubot/cite/url.py -> build/lib/manubot/cite
copying manubot/cite/citekey.py -> build/lib/manubot/cite
copying manubot/cite/unpaywall.py -> build/lib/manubot/cite
copying manubot/cite/isbn.py -> build/lib/manubot/cite
copying manubot/cite/pubmed.py -> build/lib/manubot/cite
copying manubot/cite/zotero.py -> build/lib/manubot/cite
copying manubot/cite/citeproc.py -> build/lib/manubot/cite
copying manubot/cite/arxiv.py -> build/lib/manubot/cite
copying manubot/cite/cite_command.py -> build/lib/manubot/cite
creating build/lib/manubot/webpage
copying manubot/webpage/__init__.py -> build/lib/manubot/webpage
copying manubot/webpage/webpage_command.py -> build/lib/manubot/webpage
creating build/lib/manubot/pandoc
copying manubot/pandoc/__init__.py -> build/lib/manubot/pandoc
copying manubot/pandoc/bibliography.py -> build/lib/manubot/pandoc
copying manubot/pandoc/cite_filter.py -> build/lib/manubot/pandoc
copying manubot/pandoc/util.py -> build/lib/manubot/pandoc
creating build/lib/manubot/cite/curie
copying manubot/cite/curie/__init__.py -> build/lib/manubot/cite/curie
installing to build/bdist.linux-x86_64/wheel
running install
running install_lib
creating build/bdist.linux-x86_64
creating build/bdist.linux-x86_64/wheel
creating build/bdist.linux-x86_64/wheel/manubot
copying build/lib/manubot/__init__.py -> build/bdist.linux-x86_64/wheel/manubot
creating build/bdist.linux-x86_64/wheel/manubot/process
copying build/lib/manubot/process/metadata.py -> build/bdist.linux-x86_64/wheel/manubot/process
copying build/lib/manubot/process/__init__.py -> build/bdist.linux-x86_64/wheel/manubot/process
copying build/lib/manubot/process/bibliography.py -> build/bdist.linux-x86_64/wheel/manubot/process
copying build/lib/manubot/process/manuscript.py -> build/bdist.linux-x86_64/wheel/manubot/process
copying build/lib/manubot/process/requests_cache.py -> build/bdist.linux-x86_64/wheel/manubot/process
copying build/lib/manubot/process/ci.py -> build/bdist.linux-x86_64/wheel/manubot/process
copying build/lib/manubot/process/util.py -> build/bdist.linux-x86_64/wheel/manubot/process
copying build/lib/manubot/process/process_command.py -> build/bdist.linux-x86_64/wheel/manubot/process
creating build/bdist.linux-x86_64/wheel/manubot/cite
copying build/lib/manubot/cite/__init__.py -> build/bdist.linux-x86_64/wheel/manubot/cite
copying build/lib/manubot/cite/csl_item.py -> build/bdist.linux-x86_64/wheel/manubot/cite
copying build/lib/manubot/cite/wikidata.py -> build/bdist.linux-x86_64/wheel/manubot/cite
copying build/lib/manubot/cite/doi.py -> build/bdist.linux-x86_64/wheel/manubot/cite
copying build/lib/manubot/cite/handlers.py -> build/bdist.linux-x86_64/wheel/manubot/cite
creating build/bdist.linux-x86_64/wheel/manubot/cite/curie
copying build/lib/manubot/cite/curie/__init__.py -> build/bdist.linux-x86_64/wheel/manubot/cite/curie
copying build/lib/manubot/cite/citations.py -> build/bdist.linux-x86_64/wheel/manubot/cite
copying build/lib/manubot/cite/url.py -> build/bdist.linux-x86_64/wheel/manubot/cite
copying build/lib/manubot/cite/citekey.py -> build/bdist.linux-x86_64/wheel/manubot/cite
copying build/lib/manubot/cite/unpaywall.py -> build/bdist.linux-x86_64/wheel/manubot/cite
copying build/lib/manubot/cite/isbn.py -> build/bdist.linux-x86_64/wheel/manubot/cite
copying build/lib/manubot/cite/pubmed.py -> build/bdist.linux-x86_64/wheel/manubot/cite
copying build/lib/manubot/cite/zotero.py -> build/bdist.linux-x86_64/wheel/manubot/cite
copying build/lib/manubot/cite/citeproc.py -> build/bdist.linux-x86_64/wheel/manubot/cite
copying build/lib/manubot/cite/arxiv.py -> build/bdist.linux-x86_64/wheel/manubot/cite
copying build/lib/manubot/cite/cite_command.py -> build/bdist.linux-x86_64/wheel/manubot/cite
copying build/lib/manubot/version.py -> build/bdist.linux-x86_64/wheel/manubot
creating build/bdist.linux-x86_64/wheel/manubot/webpage
copying build/lib/manubot/webpage/__init__.py -> build/bdist.linux-x86_64/wheel/manubot/webpage
copying build/lib/manubot/webpage/webpage_command.py -> build/bdist.linux-x86_64/wheel/manubot/webpage
copying build/lib/manubot/command.py -> build/bdist.linux-x86_64/wheel/manubot
copying build/lib/manubot/util.py -> build/bdist.linux-x86_64/wheel/manubot
creating build/bdist.linux-x86_64/wheel/manubot/pandoc
copying build/lib/manubot/pandoc/__init__.py -> build/bdist.linux-x86_64/wheel/manubot/pandoc
copying build/lib/manubot/pandoc/bibliography.py -> build/bdist.linux-x86_64/wheel/manubot/pandoc
copying build/lib/manubot/pandoc/cite_filter.py -> build/bdist.linux-x86_64/wheel/manubot/pandoc
copying build/lib/manubot/pandoc/util.py -> build/bdist.linux-x86_64/wheel/manubot/pandoc
running install_egg_info
running egg_info
creating manubot.egg-info
writing manubot.egg-info/PKG-INFO
writing dependency_links to manubot.egg-info/dependency_links.txt
writing entry points to manubot.egg-info/entry_points.txt
writing requirements to manubot.egg-info/requires.txt
writing top-level names to manubot.egg-info/top_level.txt
writing manifest file 'manubot.egg-info/SOURCES.txt'
writing manifest file 'manubot.egg-info/SOURCES.txt'
Copying manubot.egg-info to build/bdist.linux-x86_64/wheel/manubot-0.5.1.dev6+g35a904b.d20201209-py3.8.egg-info
running install_scripts
creating build/bdist.linux-x86_64/wheel/manubot-0.5.1.dev6+g35a904b.d20201209.dist-info/WHEEL
creating '/home/dhimmel/Documents/repos/manubot/dist/tmppcu52fht/manubot-0.5.1.dev6+g35a904b.d20201209-py3-none-any.whl' and adding 'build/bdist.linux-x86_64/wheel' to it
adding 'manubot/__init__.py'
adding 'manubot/command.py'
adding 'manubot/util.py'
adding 'manubot/version.py'
adding 'manubot/cite/__init__.py'
adding 'manubot/cite/arxiv.py'
adding 'manubot/cite/citations.py'
adding 'manubot/cite/cite_command.py'
adding 'manubot/cite/citekey.py'
adding 'manubot/cite/citeproc.py'
adding 'manubot/cite/csl_item.py'
adding 'manubot/cite/doi.py'
adding 'manubot/cite/handlers.py'
adding 'manubot/cite/isbn.py'
adding 'manubot/cite/pubmed.py'
adding 'manubot/cite/unpaywall.py'
adding 'manubot/cite/url.py'
adding 'manubot/cite/wikidata.py'
adding 'manubot/cite/zotero.py'
adding 'manubot/cite/curie/__init__.py'
adding 'manubot/pandoc/__init__.py'
adding 'manubot/pandoc/bibliography.py'
adding 'manubot/pandoc/cite_filter.py'
adding 'manubot/pandoc/util.py'
adding 'manubot/process/__init__.py'
adding 'manubot/process/bibliography.py'
adding 'manubot/process/ci.py'
adding 'manubot/process/manuscript.py'
adding 'manubot/process/metadata.py'
adding 'manubot/process/process_command.py'
adding 'manubot/process/requests_cache.py'
adding 'manubot/process/util.py'
adding 'manubot/webpage/__init__.py'
adding 'manubot/webpage/webpage_command.py'
adding 'manubot-0.5.1.dev6+g35a904b.d20201209.dist-info/LICENSE.md'
adding 'manubot-0.5.1.dev6+g35a904b.d20201209.dist-info/METADATA'
adding 'manubot-0.5.1.dev6+g35a904b.d20201209.dist-info/WHEEL'
adding 'manubot-0.5.1.dev6+g35a904b.d20201209.dist-info/entry_points.txt'
adding 'manubot-0.5.1.dev6+g35a904b.d20201209.dist-info/top_level.txt'
adding 'manubot-0.5.1.dev6+g35a904b.d20201209.dist-info/RECORD'
removing build/bdist.linux-x86_64/wheel
